2023-03-30T12:36:07+00:00 DEBUG tt4b_product_sync: missing access token for tt4b_product_sync
2023-03-30T12:36:07+00:00 DEBUG tt4b_product_sync: missing access token for tt4b_product_sync
2023-03-30T12:36:07+00:00 DEBUG tt4b_product_sync: missing access token for tt4b_product_sync
2023-03-30T12:36:07+00:00 DEBUG tt4b_product_sync: missing access token for tt4b_product_sync
2023-03-30T12:36:07+00:00 DEBUG tt4b_product_sync: missing access token for tt4b_product_sync
2023-03-30T12:36:07+00:00 DEBUG tt4b_product_sync: missing access token for tt4b_product_sync
2023-03-30T12:36:07+00:00 DEBUG tt4b_product_sync: missing access token for tt4b_product_sync
2023-03-30T12:36:07+00:00 DEBUG tt4b_product_sync: missing access token for tt4b_product_sync
2023-03-30T12:36:07+00:00 DEBUG tt4b_product_sync: missing access token for tt4b_product_sync
2023-03-30T12:36:07+00:00 DEBUG tt4b_product_sync: missing access token for tt4b_product_sync
2023-03-30T12:36:07+00:00 DEBUG tt4b_product_sync: missing access token for tt4b_product_sync
2023-03-30T12:36:07+00:00 DEBUG tt4b_product_sync: missing access token for tt4b_product_sync
2023-03-30T14:36:16+00:00 DEBUG tt4b_product_sync: missing access token for tt4b_product_sync
2023-03-30T14:55:25+00:00 DEBUG tt4b_product_sync: missing access token for tt4b_product_sync
2023-03-30T14:56:26+00:00 DEBUG tt4b_product_sync: missing access token for tt4b_product_sync
2023-03-30T14:58:03+00:00 DEBUG tt4b_product_sync: missing access token for tt4b_product_sync
2023-03-30T14:58:28+00:00 DEBUG Tt4b_Pixel_Class::inject_view_content_event: hit injectViewContentEvent
2023-03-30T14:58:28+00:00 DEBUG Tt4b_Pixel_Class::inject_view_content_event: Missing option "access_token"
2023-03-30T14:58:30+00:00 DEBUG Tt4b_Pixel_Class::inject_add_to_cart_event: hit injectAddToCartEvent
2023-03-30T14:58:30+00:00 DEBUG Tt4b_Pixel_Class::inject_add_to_cart_event: Missing option "access_token"
2023-03-30T14:58:30+00:00 DEBUG Tt4b_Pixel_Class::inject_view_content_event: hit injectViewContentEvent
2023-03-30T14:58:30+00:00 DEBUG Tt4b_Pixel_Class::inject_view_content_event: Missing option "access_token"
2023-03-30T14:58:37+00:00 DEBUG Tt4b_Pixel_Class::inject_view_content_event: hit injectViewContentEvent
2023-03-30T14:58:37+00:00 DEBUG Tt4b_Pixel_Class::inject_view_content_event: Missing option "access_token"
2023-03-30T15:11:21+00:00 DEBUG Tt4b_Pixel_Class::inject_view_content_event: hit injectViewContentEvent
2023-03-30T15:11:21+00:00 DEBUG Tt4b_Pixel_Class::inject_view_content_event: Missing option "access_token"
2023-03-30T15:16:13+00:00 DEBUG tt4b_product_sync: missing access token for tt4b_product_sync
2023-03-30T15:16:22+00:00 DEBUG Tt4b_Pixel_Class::inject_view_content_event: hit injectViewContentEvent
2023-03-30T15:16:22+00:00 DEBUG Tt4b_Pixel_Class::inject_view_content_event: Missing option "access_token"
2023-03-30T15:16:35+00:00 DEBUG Tt4b_Pixel_Class::inject_view_content_event: hit injectViewContentEvent
2023-03-30T15:16:35+00:00 DEBUG Tt4b_Pixel_Class::inject_view_content_event: Missing option "access_token"
2023-03-30T15:18:15+00:00 DEBUG tt4b_product_sync: missing access token for tt4b_product_sync
2023-03-30T15:20:11+00:00 DEBUG Tt4b_Pixel_Class::inject_view_content_event: hit injectViewContentEvent
2023-03-30T15:20:11+00:00 DEBUG Tt4b_Pixel_Class::inject_view_content_event: Missing option "access_token"
2023-03-30T15:22:24+00:00 DEBUG tt4b_product_sync: missing access token for tt4b_product_sync
2023-03-30T15:22:27+00:00 DEBUG Tt4b_Pixel_Class::inject_view_content_event: hit injectViewContentEvent
2023-03-30T15:22:27+00:00 DEBUG Tt4b_Pixel_Class::inject_view_content_event: Missing option "access_token"
2023-03-30T15:22:35+00:00 DEBUG Tt4b_Pixel_Class::inject_add_to_cart_event: hit injectAddToCartEvent
2023-03-30T15:22:35+00:00 DEBUG Tt4b_Pixel_Class::inject_add_to_cart_event: Missing option "access_token"
2023-03-30T15:22:36+00:00 DEBUG Tt4b_Pixel_Class::inject_view_content_event: hit injectViewContentEvent
2023-03-30T15:22:36+00:00 DEBUG Tt4b_Pixel_Class::inject_view_content_event: Missing option "access_token"
2023-03-30T15:22:55+00:00 DEBUG Tt4b_Pixel_Class::inject_add_to_cart_event: hit injectAddToCartEvent
2023-03-30T15:22:55+00:00 DEBUG Tt4b_Pixel_Class::inject_add_to_cart_event: Missing option "access_token"
2023-03-30T15:23:18+00:00 DEBUG Tt4b_Pixel_Class::inject_view_content_event: hit injectViewContentEvent
2023-03-30T15:23:18+00:00 DEBUG Tt4b_Pixel_Class::inject_view_content_event: Missing option "access_token"
2023-03-30T15:23:48+00:00 DEBUG tt4b_product_sync: missing access token for tt4b_product_sync
2023-03-30T15:23:52+00:00 DEBUG Tt4b_Pixel_Class::inject_view_content_event: hit injectViewContentEvent
2023-03-30T15:23:52+00:00 DEBUG Tt4b_Pixel_Class::inject_view_content_event: Missing option "access_token"
2023-03-30T15:24:06+00:00 DEBUG Tt4b_Pixel_Class::inject_add_to_cart_event: hit injectAddToCartEvent
2023-03-30T15:24:06+00:00 DEBUG Tt4b_Pixel_Class::inject_add_to_cart_event: Missing option "access_token"
2023-03-30T15:24:06+00:00 DEBUG Tt4b_Pixel_Class::inject_view_content_event: hit injectViewContentEvent
2023-03-30T15:24:06+00:00 DEBUG Tt4b_Pixel_Class::inject_view_content_event: Missing option "access_token"
2023-03-30T15:36:56+00:00 DEBUG Tt4b_Pixel_Class::inject_start_checkout: hit injectStartCheckout
2023-03-30T15:36:56+00:00 DEBUG Tt4b_Pixel_Class::inject_start_checkout: Missing option "access_token"
2023-03-30T15:52:00+00:00 DEBUG Tt4b_Pixel_Class::inject_view_content_event: hit injectViewContentEvent
2023-03-30T15:52:00+00:00 DEBUG Tt4b_Pixel_Class::inject_view_content_event: Missing option "access_token"
2023-03-30T16:37:44+00:00 DEBUG Tt4b_Pixel_Class::inject_start_checkout: hit injectStartCheckout
2023-03-30T16:37:44+00:00 DEBUG Tt4b_Pixel_Class::inject_start_checkout: Missing option "access_token"
2023-03-30T16:37:59+00:00 DEBUG Tt4b_Pixel_Class::inject_start_checkout: hit injectStartCheckout
2023-03-30T16:37:59+00:00 DEBUG Tt4b_Pixel_Class::inject_start_checkout: Missing option "access_token"
2023-03-30T16:57:42+00:00 DEBUG tt4b_product_sync: missing access token for tt4b_product_sync
2023-03-30T16:58:14+00:00 DEBUG tt4b_product_sync: missing access token for tt4b_product_sync
2023-03-30T16:58:27+00:00 DEBUG tt4b_product_sync: missing access token for tt4b_product_sync
2023-03-30T16:59:11+00:00 DEBUG tt4b_product_sync: missing access token for tt4b_product_sync
2023-03-30T17:00:11+00:00 DEBUG tt4b_product_sync: missing access token for tt4b_product_sync
2023-03-30T17:01:04+00:00 DEBUG Tt4b_Pixel_Class::inject_view_content_event: hit injectViewContentEvent
2023-03-30T17:01:04+00:00 DEBUG Tt4b_Pixel_Class::inject_view_content_event: Missing option "access_token"
2023-03-30T17:01:28+00:00 DEBUG tt4b_product_sync: missing access token for tt4b_product_sync
2023-03-30T17:01:38+00:00 DEBUG Tt4b_Pixel_Class::inject_view_content_event: hit injectViewContentEvent
2023-03-30T17:01:38+00:00 DEBUG Tt4b_Pixel_Class::inject_view_content_event: Missing option "access_token"
2023-03-30T17:01:54+00:00 DEBUG tt4b_product_sync: missing access token for tt4b_product_sync
2023-03-30T17:02:01+00:00 DEBUG tt4b_product_sync: missing access token for tt4b_product_sync
2023-03-30T17:02:20+00:00 DEBUG tt4b_product_sync: missing access token for tt4b_product_sync
2023-03-30T17:03:15+00:00 DEBUG tt4b_product_sync: missing access token for tt4b_product_sync
2023-03-30T17:03:24+00:00 DEBUG tt4b_product_sync: missing access token for tt4b_product_sync
2023-03-30T17:03:28+00:00 DEBUG tt4b_product_sync: missing access token for tt4b_product_sync
2023-03-30T17:03:57+00:00 DEBUG tt4b_product_sync: missing access token for tt4b_product_sync
2023-03-30T17:04:42+00:00 DEBUG tt4b_product_sync: missing access token for tt4b_product_sync
2023-03-30T17:04:45+00:00 DEBUG tt4b_product_sync: missing access token for tt4b_product_sync
2023-03-30T17:05:06+00:00 DEBUG tt4b_product_sync: missing access token for tt4b_product_sync
2023-03-30T17:05:41+00:00 DEBUG tt4b_product_sync: missing access token for tt4b_product_sync
2023-03-30T17:05:51+00:00 DEBUG tt4b_product_sync: missing access token for tt4b_product_sync
2023-03-30T17:05:57+00:00 DEBUG Tt4b_Pixel_Class::inject_view_content_event: hit injectViewContentEvent
2023-03-30T17:05:57+00:00 DEBUG Tt4b_Pixel_Class::inject_view_content_event: Missing option "access_token"
2023-03-30T17:09:21+00:00 DEBUG tt4b_product_sync: missing access token for tt4b_product_sync
2023-03-30T17:09:40+00:00 DEBUG tt4b_product_sync: missing access token for tt4b_product_sync
2023-03-30T17:10:41+00:00 DEBUG tt4b_product_sync: missing access token for tt4b_product_sync
2023-03-30T17:10:43+00:00 DEBUG tt4b_product_sync: missing access token for tt4b_product_sync
2023-03-30T17:10:48+00:00 DEBUG tt4b_product_sync: missing access token for tt4b_product_sync
2023-03-30T17:10:50+00:00 DEBUG Tt4b_Pixel_Class::inject_view_content_event: hit injectViewContentEvent
2023-03-30T17:10:50+00:00 DEBUG Tt4b_Pixel_Class::inject_view_content_event: Missing option "access_token"
2023-03-30T17:11:05+00:00 DEBUG Tt4b_Pixel_Class::inject_view_content_event: hit injectViewContentEvent
2023-03-30T17:11:05+00:00 DEBUG Tt4b_Pixel_Class::inject_view_content_event: Missing option "access_token"
2023-03-30T17:11:11+00:00 DEBUG Tt4b_Pixel_Class::inject_view_content_event: hit injectViewContentEvent
2023-03-30T17:11:11+00:00 DEBUG Tt4b_Pixel_Class::inject_view_content_event: Missing option "access_token"
2023-03-30T17:11:23+00:00 DEBUG Tt4b_Pixel_Class::inject_view_content_event: hit injectViewContentEvent
2023-03-30T17:11:23+00:00 DEBUG Tt4b_Pixel_Class::inject_view_content_event: Missing option "access_token"
2023-03-30T17:11:36+00:00 DEBUG tt4b_product_sync: missing access token for tt4b_product_sync
2023-03-30T17:11:36+00:00 DEBUG tt4b_product_delete: missing access token for tt4b_product_sync
2023-03-30T17:11:59+00:00 DEBUG tt4b_product_sync: missing access token for tt4b_product_sync
2023-03-30T17:13:30+00:00 DEBUG tt4b_product_sync: missing access token for tt4b_product_sync
2023-03-30T17:13:30+00:00 DEBUG tt4b_product_sync: missing access token for tt4b_product_sync
2023-03-30T17:13:30+00:00 DEBUG tt4b_product_sync: missing access token for tt4b_product_sync
2023-03-30T17:13:47+00:00 DEBUG tt4b_product_sync: missing access token for tt4b_product_sync
2023-03-30T17:13:53+00:00 DEBUG tt4b_product_sync: missing access token for tt4b_product_sync
2023-03-30T17:14:02+00:00 DEBUG tt4b_product_sync: missing access token for tt4b_product_sync
2023-03-30T17:14:16+00:00 DEBUG tt4b_product_sync: missing access token for tt4b_product_sync
2023-03-30T17:14:46+00:00 DEBUG tt4b_product_sync: missing access token for tt4b_product_sync
2023-03-30T17:15:43+00:00 DEBUG tt4b_product_sync: missing access token for tt4b_product_sync
2023-03-30T17:15:47+00:00 DEBUG tt4b_product_sync: missing access token for tt4b_product_sync
2023-03-30T17:16:03+00:00 DEBUG tt4b_product_sync: missing access token for tt4b_product_sync
2023-03-30T17:16:33+00:00 DEBUG tt4b_product_sync: missing access token for tt4b_product_sync
2023-03-30T17:25:41+00:00 DEBUG tt4b_product_sync: missing access token for tt4b_product_sync
2023-03-30T17:26:52+00:00 DEBUG tt4b_product_sync: missing access token for tt4b_product_sync
2023-03-30T17:27:54+00:00 DEBUG tt4b_product_sync: missing access token for tt4b_product_sync
2023-03-30T17:27:57+00:00 DEBUG tt4b_product_sync: missing access token for tt4b_product_sync
2023-03-30T17:28:08+00:00 DEBUG tt4b_product_sync: missing access token for tt4b_product_sync
2023-03-30T17:29:34+00:00 DEBUG tt4b_product_sync: missing access token for tt4b_product_sync
2023-03-30T17:29:39+00:00 DEBUG tt4b_product_sync: missing access token for tt4b_product_sync
2023-03-30T17:30:00+00:00 DEBUG tt4b_product_sync: missing access token for tt4b_product_sync
2023-03-30T17:31:12+00:00 DEBUG tt4b_product_sync: missing access token for tt4b_product_sync
2023-03-30T17:31:51+00:00 DEBUG tt4b_product_sync: missing access token for tt4b_product_sync
2023-03-30T17:31:56+00:00 DEBUG tt4b_product_sync: missing access token for tt4b_product_sync
2023-03-30T17:34:43+00:00 DEBUG Tt4b_Pixel_Class::inject_view_content_event: hit injectViewContentEvent
2023-03-30T17:34:43+00:00 DEBUG Tt4b_Pixel_Class::inject_view_content_event: Missing option "access_token"
2023-03-30T17:39:17+00:00 DEBUG tt4b_product_sync: missing access token for tt4b_product_sync
2023-03-30T17:39:43+00:00 DEBUG tt4b_product_sync: missing access token for tt4b_product_sync
2023-03-30T17:40:46+00:00 DEBUG tt4b_product_sync: missing access token for tt4b_product_sync
2023-03-30T17:40:49+00:00 DEBUG tt4b_product_sync: missing access token for tt4b_product_sync
2023-03-30T17:41:04+00:00 DEBUG tt4b_product_sync: missing access token for tt4b_product_sync
2023-03-30T17:42:16+00:00 DEBUG tt4b_product_sync: missing access token for tt4b_product_sync
2023-03-30T17:42:18+00:00 DEBUG tt4b_product_sync: missing access token for tt4b_product_sync
2023-03-30T17:42:30+00:00 DEBUG tt4b_product_sync: missing access token for tt4b_product_sync
2023-03-30T17:43:10+00:00 DEBUG tt4b_product_sync: missing access token for tt4b_product_sync
2023-03-30T17:43:30+00:00 DEBUG Tt4b_Pixel_Class::inject_view_content_event: hit injectViewContentEvent
2023-03-30T17:43:30+00:00 DEBUG Tt4b_Pixel_Class::inject_view_content_event: Missing option "access_token"
2023-03-30T17:43:45+00:00 DEBUG Tt4b_Pixel_Class::inject_view_content_event: hit injectViewContentEvent
2023-03-30T17:43:45+00:00 DEBUG Tt4b_Pixel_Class::inject_view_content_event: Missing option "access_token"
2023-03-30T17:47:04+00:00 DEBUG tt4b_product_sync: missing access token for tt4b_product_sync
2023-03-30T17:47:40+00:00 DEBUG tt4b_product_sync: missing access token for tt4b_product_sync
2023-03-30T17:47:40+00:00 DEBUG tt4b_product_sync: missing access token for tt4b_product_sync
2023-03-30T17:47:40+00:00 DEBUG tt4b_product_sync: missing access token for tt4b_product_sync
2023-03-30T17:47:40+00:00 DEBUG tt4b_product_sync: missing access token for tt4b_product_sync
2023-03-30T17:47:50+00:00 DEBUG tt4b_product_sync: missing access token for tt4b_product_sync
2023-03-30T17:47:56+00:00 DEBUG tt4b_product_sync: missing access token for tt4b_product_sync
2023-03-30T17:48:04+00:00 DEBUG tt4b_product_sync: missing access token for tt4b_product_sync
2023-03-30T17:48:13+00:00 DEBUG tt4b_product_sync: missing access token for tt4b_product_sync
2023-03-30T18:09:28+00:00 DEBUG Tt4b_Pixel_Class::inject_start_checkout: hit injectStartCheckout
2023-03-30T18:09:28+00:00 DEBUG Tt4b_Pixel_Class::inject_start_checkout: Missing option "access_token"
2023-03-30T22:46:12+00:00 DEBUG Tt4b_Pixel_Class::inject_start_checkout: hit injectStartCheckout
2023-03-30T22:46:12+00:00 DEBUG Tt4b_Pixel_Class::inject_start_checkout: Missing option "access_token"
2023-03-30T22:46:21+00:00 DEBUG Tt4b_Pixel_Class::inject_start_checkout: hit injectStartCheckout
2023-03-30T22:46:21+00:00 DEBUG Tt4b_Pixel_Class::inject_start_checkout: Missing option "access_token"
2023-03-30T22:46:45+00:00 DEBUG Tt4b_Pixel_Class::inject_start_checkout: hit injectStartCheckout
2023-03-30T22:46:45+00:00 DEBUG Tt4b_Pixel_Class::inject_start_checkout: Missing option "access_token"
